  3dworld.cpp
C:\Users\seanp\Desktop\Assignement 3 3D Assignment(1)\Assignement 3 3D Assignment\3D World\3D World\3dworld.cpp(60,28): warning C4305: 'initializing': truncation from 'double' to 'GLfloat'
C:\Users\seanp\Desktop\Assignement 3 3D Assignment(1)\Assignement 3 3D Assignment\3D World\3D World\3dworld.cpp(60,33): warning C4305: 'initializing': truncation from 'double' to 'GLfloat'
C:\Users\seanp\Desktop\Assignement 3 3D Assignment(1)\Assignement 3 3D Assignment\3D World\3D World\3dworld.cpp(60,38): warning C4305: 'initializing': truncation from 'double' to 'GLfloat'
C:\Users\seanp\Desktop\Assignement 3 3D Assignment(1)\Assignement 3 3D Assignment\3D World\3D World\3dworld.cpp(60,43): warning C4305: 'initializing': truncation from 'double' to 'GLfloat'
C:\Users\seanp\Desktop\Assignement 3 3D Assignment(1)\Assignement 3 3D Assignment\3D World\3D World\3dworld.cpp(81,17): warning C4244: 'initializing': conversion from 'double' to 'float', possible loss of data
  Basic.cpp
  ObjLoader.cpp
C:\Users\seanp\Desktop\Assignement 3 3D Assignment(1)\Assignement 3 3D Assignment\3D World\3D World\ObjLoader.cpp(90,17): warning C4018: '<': signed/unsigned mismatch
C:\Users\seanp\Desktop\Assignement 3 3D Assignment(1)\Assignement 3 3D Assignment\3D World\3D World\ObjLoader.cpp(100,17): warning C4018: '<': signed/unsigned mismatch
C:\Users\seanp\Desktop\Assignement 3 3D Assignment(1)\Assignement 3 3D Assignment\3D World\3D World\ObjLoader.cpp(109,17): warning C4018: '<': signed/unsigned mismatch
C:\Users\seanp\Desktop\Assignement 3 3D Assignment(1)\Assignement 3 3D Assignment\3D World\3D World\ObjLoader.cpp(118,17): warning C4018: '<': signed/unsigned mismatch
C:\Users\seanp\Desktop\Assignement 3 3D Assignment(1)\Assignement 3 3D Assignment\3D World\3D World\ObjLoader.cpp(125,19): warning C4018: '<': signed/unsigned mismatch
  Polyhedron.cpp
C:\Users\seanp\Desktop\Assignement 3 3D Assignment(1)\Assignement 3 3D Assignment\3D World\3D World\Polyhedron.cpp(35,20): warning C4018: '<': signed/unsigned mismatch
C:\Users\seanp\Desktop\Assignement 3 3D Assignment(1)\Assignement 3 3D Assignment\3D World\3D World\Polyhedron.cpp(42,20): warning C4018: '<': signed/unsigned mismatch
C:\Users\seanp\Desktop\Assignement 3 3D Assignment(1)\Assignement 3 3D Assignment\3D World\3D World\Polyhedron.cpp(53,20): warning C4018: '<': signed/unsigned mismatch
C:\Users\seanp\Desktop\Assignement 3 3D Assignment(1)\Assignement 3 3D Assignment\3D World\3D World\Polyhedron.cpp(60,20): warning C4018: '<': signed/unsigned mismatch
C:\Users\seanp\Desktop\Assignement 3 3D Assignment(1)\Assignement 3 3D Assignment\3D World\3D World\Polyhedron.cpp(77,20): warning C4018: '<': signed/unsigned mismatch
  Generating code
  Previous IPDB was built with incompatible compiler, fall back to full compilation.
  All 529 functions were compiled because no usable IPDB/IOBJ from previous compilation was found.
  Finished generating code
  3D World.vcxproj -> C:\Users\seanp\Desktop\Assignement 3 3D Assignment(1)\Assignement 3 3D Assignment\3D World\Release\3D World.exe
